0 info it worked if it ends with ok
1 verbose cli [ 'node', '/usr/local/bin/npm', 'install', 'grunt', '-' ]
2 info using npm@1.4.28
3 info using node@v0.10.35
4 verbose readDependencies using package.json deps
5 verbose cache add [ 'grunt@0.4.5', null ]
6 verbose cache add name=undefined spec="grunt@0.4.5" args=["grunt@0.4.5",null]
7 verbose parsed url { protocol: null,
7 verbose parsed url   slashes: null,
7 verbose parsed url   auth: null,
7 verbose parsed url   host: null,
7 verbose parsed url   port: null,
7 verbose parsed url   hostname: null,
7 verbose parsed url   hash: null,
7 verbose parsed url   search: null,
7 verbose parsed url   query: null,
7 verbose parsed url   pathname: 'grunt@0.4.5',
7 verbose parsed url   path: 'grunt@0.4.5',
7 verbose parsed url   href: 'grunt@0.4.5' }
8 verbose cache add [ '-', null ]
9 verbose cache add name=undefined spec="-" args=["-",null]
10 verbose parsed url { protocol: null,
10 verbose parsed url   slashes: null,
10 verbose parsed url   auth: null,
10 verbose parsed url   host: null,
10 verbose parsed url   port: null,
10 verbose parsed url   hostname: null,
10 verbose parsed url   hash: null,
10 verbose parsed url   search: null,
10 verbose parsed url   query: null,
10 verbose parsed url   pathname: '-',
10 verbose parsed url   path: '-',
10 verbose parsed url   href: '-' }
11 verbose cache add name="grunt" spec="0.4.5" args=["grunt","0.4.5"]
12 verbose parsed url { protocol: null,
12 verbose parsed url   slashes: null,
12 verbose parsed url   auth: null,
12 verbose parsed url   host: null,
12 verbose parsed url   port: null,
12 verbose parsed url   hostname: null,
12 verbose parsed url   hash: null,
12 verbose parsed url   search: null,
12 verbose parsed url   query: null,
12 verbose parsed url   pathname: '0.4.5',
12 verbose parsed url   path: '0.4.5',
12 verbose parsed url   href: '0.4.5' }
13 verbose addNamed [ 'grunt', '0.4.5' ]
14 verbose addNamed [ '0.4.5', '0.4.5' ]
15 silly lockFile 81abf7ad-grunt-0-4-5 grunt@0.4.5
16 verbose lock grunt@0.4.5 /Users/Jon/.npm/81abf7ad-grunt-0-4-5.lock
17 silly lockFile 3bc15c8a- -
18 verbose lock - /Users/Jon/.npm/3bc15c8a-.lock
19 silly lockFile 3bc15c8a- -
20 silly lockFile 3bc15c8a- -
21 verbose addNamed [ '-', '' ]
22 verbose addNamed [ null, '*' ]
23 silly lockFile c75fe0d4- -@
24 verbose lock -@ /Users/Jon/.npm/c75fe0d4-.lock
25 silly addNameRange { name: '-', range: '*', hasData: false }
26 verbose request where is /grunt
27 verbose request registry https://registry.npmjs.org/
28 verbose request id 40ace2933a66bec7
29 verbose url raw /grunt
30 verbose url resolving [ 'https://registry.npmjs.org/', './grunt' ]
31 verbose url resolved https://registry.npmjs.org/grunt
32 verbose request where is https://registry.npmjs.org/grunt
33 info trying registry request attempt 1 at 15:35:47
34 verbose etag "7B8B3ZBOSVYQ53FMVS7OUH1UE"
35 http GET https://registry.npmjs.org/grunt
36 verbose request where is /-
37 verbose request registry https://registry.npmjs.org/
38 verbose url raw /-
39 verbose url resolving [ 'https://registry.npmjs.org/', './-' ]
40 verbose url resolved https://registry.npmjs.org/-
41 verbose request where is https://registry.npmjs.org/-
42 info trying registry request attempt 1 at 15:35:47
43 http GET https://registry.npmjs.org/-
44 http 200 https://registry.npmjs.org/grunt
45 silly registry.get cb [ 200,
45 silly registry.get   { server: 'CouchDB/1.5.0 (Erlang OTP/R16B03)',
45 silly registry.get     etag: '"349OI3LKYSTSX7NCSYRSBQZEN"',
45 silly registry.get     'content-type': 'application/json',
45 silly registry.get     'cache-control': 'max-age=60',
45 silly registry.get     'content-length': '90695',
45 silly registry.get     'accept-ranges': 'bytes',
45 silly registry.get     date: 'Wed, 18 Nov 2015 15:35:48 GMT',
45 silly registry.get     via: '1.1 varnish',
45 silly registry.get     age: '19',
45 silly registry.get     connection: 'keep-alive',
45 silly registry.get     'x-served-by': 'cache-lhr6331-LHR',
45 silly registry.get     'x-cache': 'HIT',
45 silly registry.get     'x-cache-hits': '1',
45 silly registry.get     'x-timer': 'S1447860948.405815,VS0,VE0',
45 silly registry.get     vary: 'Accept' } ]
46 silly lockFile ea6cf2d1--npmjs-org-grunt-grunt-0-4-5-tgz https://registry.npmjs.org/grunt/-/grunt-0.4.5.tgz
47 verbose lock https://registry.npmjs.org/grunt/-/grunt-0.4.5.tgz /Users/Jon/.npm/ea6cf2d1--npmjs-org-grunt-grunt-0-4-5-tgz.lock
48 verbose addRemoteTarball [ 'https://registry.npmjs.org/grunt/-/grunt-0.4.5.tgz',
48 verbose addRemoteTarball   '56937cd5194324adff6d207631832a9d6ba4e7f0' ]
49 info retry fetch attempt 1 at 15:35:48
50 verbose fetch to= /var/folders/8v/2wry_8lx6vzd27yc24vyk_lw0000gn/T/npm-24280-y2ryLJtv/registry.npmjs.org/grunt/-/grunt-0.4.5.tgz
51 http GET https://registry.npmjs.org/grunt/-/grunt-0.4.5.tgz
52 http 404 https://registry.npmjs.org/-
53 silly registry.get cb [ 404,
53 silly registry.get   { 'content-type': 'application/json',
53 silly registry.get     'cache-control': 'max-age=0',
53 silly registry.get     'content-length': '57',
53 silly registry.get     'accept-ranges': 'bytes',
53 silly registry.get     date: 'Wed, 18 Nov 2015 15:35:48 GMT',
53 silly registry.get     via: '1.1 varnish',
53 silly registry.get     age: '0',
53 silly registry.get     connection: 'keep-alive',
53 silly registry.get     'x-served-by': 'cache-lhr6335-LHR',
53 silly registry.get     'x-cache': 'MISS',
53 silly registry.get     'x-cache-hits': '0',
53 silly registry.get     'x-timer': 'S1447860948.404219,VS0,VE78' } ]
54 silly lockFile c75fe0d4- -@
55 silly lockFile c75fe0d4- -@
56 http 200 https://registry.npmjs.org/grunt/-/grunt-0.4.5.tgz
57 silly lockFile ea6cf2d1--npmjs-org-grunt-grunt-0-4-5-tgz https://registry.npmjs.org/grunt/-/grunt-0.4.5.tgz
58 silly lockFile ea6cf2d1--npmjs-org-grunt-grunt-0-4-5-tgz https://registry.npmjs.org/grunt/-/grunt-0.4.5.tgz
59 silly lockFile 81abf7ad-grunt-0-4-5 grunt@0.4.5
60 silly lockFile 81abf7ad-grunt-0-4-5 grunt@0.4.5
61 error 404 Not Found
62 error System Darwin 15.0.0
63 error command "node" "/usr/local/bin/npm" "install" "grunt" "-"
64 error cwd /Users/Jon/Desktop/heroku/drv-ux-prototypes
65 error node -v v0.10.35
66 error npm -v 1.4.28
67 error code E404
68 verbose exit [ 1, true ]
